<?xml version="1.0" encoding="UTF-8"?>
<!-- Generated by org.testng.reporters.JUnitReportReporter -->
<testsuite hostname="DESKTOP-8CKA9ML" failures="0" tests="2" name="com.TestNG.TestNG" time="23.959" errors="0" timestamp="2022-03-26T13:28:23 IST" skipped="0">
  <testcase classname="com.TestNG.TestNG" name="verifyPageTitleTest" time="11.776"/>
  <system-out/>
  <testcase classname="com.TestNG.TestNG" name="verifyFreeCRMLogoTest" time="12.183"/>
  <system-out/>
</testsuite> <!-- com.TestNG.TestNG -->
